<?xml version="1.0" encoding="UTF-8"?>
<!-- Generated by org.testng.reporters.JUnitReportReporter -->
<testsuite hostname="DESKTOP-B95HKSG" failures="0" tests="1" name="setup.Setupo" time="31.494" errors="0" timestamp="2024-05-08T09:19:10 GMT-08:00" skipped="0">
  <testcase classname="setup.Setupo" name="OpenBrowser" time="31.494"/>
  <system-out/>
</testsuite> <!-- setup.Setupo -->
