<?xml version="1.0" encoding="UTF-8"?>
<!-- Generated by org.testng.reporters.JUnitReportReporter -->
<testsuite hostname="DESKTOP-B95HKSG" failures="0" tests="1" name="Subtrix.set" time="11.208" errors="0" timestamp="2024-05-11T03:55:53 GMT-08:00" skipped="0">
  <testcase classname="Subtrix.set" name="OpenBrowser" time="11.208"/>
  <system-out/>
</testsuite> <!-- Subtrix.set -->
